<?xml version='1.0'?>
<ns2:test-suite xmlns:ns2='urn:model.allure.qatools.yandex.ru' start='1614974282898' stop='1614974289149'>
    <name>Aliasing</name>
    <title>Aliasing</title>
    <test-cases>
        <test-case start='1614974282898' status='failed' stop='1614974288419'>
            <name>.as() - alias a DOM element for later use</name>
            <title>.as() - alias a DOM element for later use</title>
            <labels/>
            <parameters/>
            <steps/>
            <attachments/>
            <failure>
                <message>Timed out retrying after 4000ms: Expected to find element: `tdd`, but never found it. Queried from element: &lt;tr></message>
                <stack-trace>AssertionError: Timed out retrying after 4000ms: Expected to find element: `tdd`, but never found it. Queried from element: &lt;tr>
                    at Context.eval (https://example.cypress.io/__cypress/tests?p=cypress/integration/examples/aliasing.spec.js:109:50)</stack-trace>
            </failure>
        </test-case>
        <test-case start='1614974288457' status='passed' stop='1614974289145'>
            <name>.as() - alias a route for later use</name>
            <title>.as() - alias a route for later use</title>
            <labels/>
            <parameters/>
            <steps/>
            <attachments/>
        </test-case>
    </test-cases>
</ns2:test-suite>